<?xml version="1.0" encoding="UTF-8"?>
<!-- Generated by org.testng.reporters.JUnitReportReporter -->
<testsuite skipped="0" hostname="TANHH" name="testwithxmlparam.TestWithXmlParam" tests="1" failures="0" timestamp="17 Oct 2016 03:57:13 GMT" time="0.298" errors="0">
  <testcase name="testStartDay" time="0.298" classname="testwithxmlparam.TestWithXmlParam"/>
</testsuite> <!-- testwithxmlparam.TestWithXmlParam -->
