<?xml version="1.0" encoding="UTF-8"?>
<!-- Generated by org.testng.reporters.JUnitReportReporter -->
<testsuite skipped="0" hostname="TANHH" name="starter.TestSearchGoogle" tests="1" failures="0" timestamp="17 Oct 2016 00:58:23 GMT" time="2.014" errors="0">
  <testcase name="testSearchGoogle" time="2.014" classname="starter.TestSearchGoogle"/>
</testsuite> <!-- starter.TestSearchGoogle -->
